2025-08-29 16:20:42.563 [main] INFO  com.quan.project.ProjectApplication - Starting ProjectApplication using Java 17.0.12 with PID 37572 (D:\workspace\project-template\java\my-springboot-project-17\target\classes started by Administrator in D:\workspace\project-template\java\my-springboot-project-17)
2025-08-29 16:20:42.563 [main] DEBUG com.quan.project.ProjectApplication - Running with Spring Boot v3.3.13, Spring v6.1.21
2025-08-29 16:20:42.564 [main] INFO  com.quan.project.ProjectApplication - No active profile set, falling back to 1 default profile: "default"
2025-08-29 16:20:43.547 [main] INFO  o.s.b.w.e.tomcat.TomcatWebServer - Tomcat initialized with port 8080 (http)
2025-08-29 16:20:43.556 [main] INFO  o.a.coyote.http11.Http11NioProtocol - Initializing ProtocolHandler ["http-nio-8080"]
2025-08-29 16:20:43.557 [main] INFO  o.a.catalina.core.StandardService - Starting service [Tomcat]
2025-08-29 16:20:43.557 [main] INFO  o.a.catalina.core.StandardEngine - Starting Servlet engine: [Apache Tomcat/10.1.42]
2025-08-29 16:20:43.591 [main] INFO  o.a.c.c.C.[Tomcat].[localhost].[/] - Initializing Spring embedded WebApplicationContext
2025-08-29 16:20:43.591 [main] INFO  o.s.b.w.s.c.ServletWebServerApplicationContext - Root WebApplicationContext: initialization completed in 867 ms
2025-08-29 16:20:44.180 [main] INFO  o.s.b.a.w.s.WelcomePageHandlerMapping - Adding welcome page: class path resource [static/index.html]
2025-08-29 16:20:44.383 [main] INFO  o.a.coyote.http11.Http11NioProtocol - Starting ProtocolHandler ["http-nio-8080"]
2025-08-29 16:20:44.391 [main] INFO  o.s.b.w.e.tomcat.TomcatWebServer - Tomcat started on port 8080 (http) with context path '/'
2025-08-29 16:20:44.397 [main] INFO  com.quan.project.ProjectApplication - Started ProjectApplication in 2.23 seconds (process running for 3.451)
2025-08-29 16:20:57.686 [http-nio-8080-exec-1] INFO  o.a.c.c.C.[Tomcat].[localhost].[/] - Initializing Spring DispatcherServlet 'dispatcherServlet'
2025-08-29 16:20:57.686 [http-nio-8080-exec-1] INFO  o.s.web.servlet.DispatcherServlet - Initializing Servlet 'dispatcherServlet'
2025-08-29 16:20:57.687 [http-nio-8080-exec-1] INFO  o.s.web.servlet.DispatcherServlet - Completed initialization in 1 ms
2025-08-29 16:20:57.952 [http-nio-8080-exec-1] WARN  c.q.p.e.GlobalExceptionHandler - 请求的资源不存在: favicon.ico
2025-08-29 16:21:00.425 [http-nio-8080-exec-5] WARN  c.q.p.e.GlobalExceptionHandler - 请求的资源不存在: favicon.ico
2025-08-29 16:21:07.224 [http-nio-8080-exec-3] INFO  com.zaxxer.hikari.HikariDataSource - SpringBootHikariCP - Starting...
2025-08-29 16:21:07.425 [http-nio-8080-exec-3] INFO  com.zaxxer.hikari.pool.HikariPool - SpringBootHikariCP - Added connection com.mysql.cj.jdbc.ConnectionImpl@15c1eff5
2025-08-29 16:21:07.426 [http-nio-8080-exec-3] INFO  com.zaxxer.hikari.HikariDataSource - SpringBootHikariCP - Start completed.
2025-08-29 16:21:07.453 [http-nio-8080-exec-3] DEBUG c.q.project.mapper.UserMapper.login - ==>  Preparing: SELECT * FROM users WHERE username = ? AND password = ?
2025-08-29 16:21:07.468 [http-nio-8080-exec-3] DEBUG c.q.project.mapper.UserMapper.login - ==> Parameters: admin(String), 123456(String)
2025-08-29 16:21:07.524 [http-nio-8080-exec-3] DEBUG c.q.project.mapper.UserMapper.login - <==      Total: 1
2025-08-29 16:21:07.527 [http-nio-8080-exec-3] INFO  c.q.p.service.impl.UserServiceImpl - 用户登录成功，用户名: admin
2025-08-29 16:21:09.975 [http-nio-8080-exec-1] WARN  c.q.p.e.GlobalExceptionHandler - 请求的资源不存在: favicon.ico
2025-08-29 16:21:11.755 [http-nio-8080-exec-5] DEBUG c.q.p.interceptor.JwtInterceptor - JWT拦截器拦截API请求: /api/users/search
2025-08-29 16:21:11.812 [http-nio-8080-exec-5] DEBUG c.q.p.interceptor.JwtInterceptor - API请求token验证成功，用户: admin, ID: 1, 路径: /api/users/search
2025-08-29 16:21:11.874 [http-nio-8080-exec-5] DEBUG c.q.p.m.U.selectPageByConditions_COUNT - ==>  Preparing: SELECT count(0) FROM users
2025-08-29 16:21:11.874 [http-nio-8080-exec-5] DEBUG c.q.p.m.U.selectPageByConditions_COUNT - ==> Parameters: 
2025-08-29 16:21:11.878 [http-nio-8080-exec-5] DEBUG c.q.p.m.U.selectPageByConditions_COUNT - <==      Total: 1
2025-08-29 16:21:11.879 [http-nio-8080-exec-5] DEBUG c.q.p.m.U.selectPageByConditions - ==>  Preparing: SELECT * FROM users ORDER BY id DESC LIMIT ?
2025-08-29 16:21:11.880 [http-nio-8080-exec-5] DEBUG c.q.p.m.U.selectPageByConditions - ==> Parameters: 10(Integer)
2025-08-29 16:21:11.882 [http-nio-8080-exec-5] DEBUG c.q.p.m.U.selectPageByConditions - <==      Total: 4
2025-08-29 16:21:11.913 [http-nio-8080-exec-6] WARN  c.q.p.e.GlobalExceptionHandler - 请求的资源不存在: images/2025/08/04/447f5b96d58d4b50919737475f040b7b.jpg
2025-08-29 16:21:11.913 [http-nio-8080-exec-3] WARN  c.q.p.e.GlobalExceptionHandler - 请求的资源不存在: images/2025/07/30/5af5a89c2d334f208ee7c5c3a669b0b6.png
2025-08-29 16:21:12.454 [http-nio-8080-exec-9] DEBUG c.q.p.interceptor.JwtInterceptor - JWT拦截器拦截API请求: /api/banners/search
2025-08-29 16:21:12.456 [http-nio-8080-exec-9] DEBUG c.q.p.interceptor.JwtInterceptor - API请求token验证成功，用户: admin, ID: 1, 路径: /api/banners/search
2025-08-29 16:21:12.461 [http-nio-8080-exec-9] DEBUG c.q.p.m.B.selectPageByConditions_COUNT - ==>  Preparing: SELECT count(0) FROM banners
2025-08-29 16:21:12.462 [http-nio-8080-exec-9] DEBUG c.q.p.m.B.selectPageByConditions_COUNT - ==> Parameters: 
2025-08-29 16:21:12.476 [http-nio-8080-exec-9] DEBUG c.q.p.m.B.selectPageByConditions_COUNT - <==      Total: 1
2025-08-29 16:21:12.476 [http-nio-8080-exec-9] DEBUG c.q.p.m.B.selectPageByConditions - ==>  Preparing: SELECT id, title, image_url, link_url, sort_order, create_time, update_time FROM banners ORDER BY sort_order DESC, create_time DESC LIMIT ?
2025-08-29 16:21:12.477 [http-nio-8080-exec-9] DEBUG c.q.p.m.B.selectPageByConditions - ==> Parameters: 10(Integer)
2025-08-29 16:21:12.478 [http-nio-8080-exec-9] DEBUG c.q.p.m.B.selectPageByConditions - <==      Total: 1
2025-08-29 16:21:14.236 [http-nio-8080-exec-5] DEBUG c.q.p.interceptor.JwtInterceptor - JWT拦截器拦截API请求: /api/system-messages/search
2025-08-29 16:21:14.238 [http-nio-8080-exec-5] DEBUG c.q.p.interceptor.JwtInterceptor - API请求token验证成功，用户: admin, ID: 1, 路径: /api/system-messages/search
2025-08-29 16:21:14.242 [http-nio-8080-exec-5] DEBUG c.q.p.m.S.selectPageByConditions_COUNT - ==>  Preparing: SELECT count(0) FROM system_message
2025-08-29 16:21:14.242 [http-nio-8080-exec-5] DEBUG c.q.p.m.S.selectPageByConditions_COUNT - ==> Parameters: 
2025-08-29 16:21:14.253 [http-nio-8080-exec-5] DEBUG c.q.p.m.S.selectPageByConditions_COUNT - <==      Total: 1
2025-08-29 16:21:14.253 [http-nio-8080-exec-5] DEBUG c.q.p.m.S.selectPageByConditions - ==>  Preparing: SELECT * FROM system_message ORDER BY is_top DESC, id DESC LIMIT ?
2025-08-29 16:21:14.253 [http-nio-8080-exec-5] DEBUG c.q.p.m.S.selectPageByConditions - ==> Parameters: 10(Integer)
2025-08-29 16:21:14.255 [http-nio-8080-exec-5] DEBUG c.q.p.m.S.selectPageByConditions - <==      Total: 1
2025-08-29 16:21:14.906 [http-nio-8080-exec-6] DEBUG c.q.p.interceptor.JwtInterceptor - JWT拦截器拦截API请求: /api/users/search
2025-08-29 16:21:14.907 [http-nio-8080-exec-6] DEBUG c.q.p.interceptor.JwtInterceptor - API请求token验证成功，用户: admin, ID: 1, 路径: /api/users/search
2025-08-29 16:21:14.910 [http-nio-8080-exec-6] DEBUG c.q.p.m.U.selectPageByConditions_COUNT - ==>  Preparing: SELECT count(0) FROM users
2025-08-29 16:21:14.910 [http-nio-8080-exec-6] DEBUG c.q.p.m.U.selectPageByConditions_COUNT - ==> Parameters: 
2025-08-29 16:21:14.911 [http-nio-8080-exec-6] DEBUG c.q.p.m.U.selectPageByConditions_COUNT - <==      Total: 1
2025-08-29 16:21:14.911 [http-nio-8080-exec-6] DEBUG c.q.p.m.U.selectPageByConditions - ==>  Preparing: SELECT * FROM users ORDER BY id DESC LIMIT ?
2025-08-29 16:21:14.912 [http-nio-8080-exec-6] DEBUG c.q.p.m.U.selectPageByConditions - ==> Parameters: 10(Integer)
2025-08-29 16:21:14.913 [http-nio-8080-exec-6] DEBUG c.q.p.m.U.selectPageByConditions - <==      Total: 4
2025-08-29 16:21:14.945 [http-nio-8080-exec-4] WARN  c.q.p.e.GlobalExceptionHandler - 请求的资源不存在: images/2025/07/30/5af5a89c2d334f208ee7c5c3a669b0b6.png
2025-08-29 16:21:14.945 [http-nio-8080-exec-3] WARN  c.q.p.e.GlobalExceptionHandler - 请求的资源不存在: images/2025/08/04/447f5b96d58d4b50919737475f040b7b.jpg
2025-08-29 16:21:15.362 [http-nio-8080-exec-9] DEBUG c.q.p.interceptor.JwtInterceptor - JWT拦截器拦截API请求: /api/system-messages/search
2025-08-29 16:21:15.364 [http-nio-8080-exec-9] DEBUG c.q.p.interceptor.JwtInterceptor - API请求token验证成功，用户: admin, ID: 1, 路径: /api/system-messages/search
2025-08-29 16:21:15.366 [http-nio-8080-exec-9] DEBUG c.q.p.m.S.selectPageByConditions_COUNT - ==>  Preparing: SELECT count(0) FROM system_message
2025-08-29 16:21:15.366 [http-nio-8080-exec-9] DEBUG c.q.p.m.S.selectPageByConditions_COUNT - ==> Parameters: 
2025-08-29 16:21:15.367 [http-nio-8080-exec-9] DEBUG c.q.p.m.S.selectPageByConditions_COUNT - <==      Total: 1
2025-08-29 16:21:15.367 [http-nio-8080-exec-9] DEBUG c.q.p.m.S.selectPageByConditions - ==>  Preparing: SELECT * FROM system_message ORDER BY is_top DESC, id DESC LIMIT ?
2025-08-29 16:21:15.368 [http-nio-8080-exec-9] DEBUG c.q.p.m.S.selectPageByConditions - ==> Parameters: 10(Integer)
2025-08-29 16:21:15.368 [http-nio-8080-exec-9] DEBUG c.q.p.m.S.selectPageByConditions - <==      Total: 1
2025-08-29 16:21:15.826 [http-nio-8080-exec-7] DEBUG c.q.p.interceptor.JwtInterceptor - JWT拦截器拦截API请求: /api/banners/search
2025-08-29 16:21:15.827 [http-nio-8080-exec-7] DEBUG c.q.p.interceptor.JwtInterceptor - API请求token验证成功，用户: admin, ID: 1, 路径: /api/banners/search
2025-08-29 16:21:15.831 [http-nio-8080-exec-7] DEBUG c.q.p.m.B.selectPageByConditions_COUNT - ==>  Preparing: SELECT count(0) FROM banners
2025-08-29 16:21:15.831 [http-nio-8080-exec-7] DEBUG c.q.p.m.B.selectPageByConditions_COUNT - ==> Parameters: 
2025-08-29 16:21:15.833 [http-nio-8080-exec-7] DEBUG c.q.p.m.B.selectPageByConditions_COUNT - <==      Total: 1
2025-08-29 16:21:15.833 [http-nio-8080-exec-7] DEBUG c.q.p.m.B.selectPageByConditions - ==>  Preparing: SELECT id, title, image_url, link_url, sort_order, create_time, update_time FROM banners ORDER BY sort_order DESC, create_time DESC LIMIT ?
2025-08-29 16:21:15.833 [http-nio-8080-exec-7] DEBUG c.q.p.m.B.selectPageByConditions - ==> Parameters: 10(Integer)
2025-08-29 16:21:15.834 [http-nio-8080-exec-7] DEBUG c.q.p.m.B.selectPageByConditions - <==      Total: 1
2025-08-29 16:45:48.927 [SpringApplicationShutdownHook] INFO  com.zaxxer.hikari.HikariDataSource - SpringBootHikariCP - Shutdown initiated...
2025-08-29 16:45:48.928 [SpringApplicationShutdownHook] INFO  com.zaxxer.hikari.HikariDataSource - SpringBootHikariCP - Shutdown completed.
2025-08-29 16:45:53.689 [main] INFO  com.quan.project.ProjectApplication - Starting ProjectApplication using Java 17.0.12 with PID 37056 (D:\workspace\project-template\java\my-springboot-project-17\target\classes started by Administrator in D:\workspace\project-template\java\my-springboot-project-17)
2025-08-29 16:45:53.689 [main] DEBUG com.quan.project.ProjectApplication - Running with Spring Boot v3.3.13, Spring v6.1.21
2025-08-29 16:45:53.690 [main] INFO  com.quan.project.ProjectApplication - No active profile set, falling back to 1 default profile: "default"
2025-08-29 16:45:54.393 [main] INFO  o.s.b.w.e.tomcat.TomcatWebServer - Tomcat initialized with port 8080 (http)
2025-08-29 16:45:54.399 [main] INFO  o.a.coyote.http11.Http11NioProtocol - Initializing ProtocolHandler ["http-nio-8080"]
2025-08-29 16:45:54.400 [main] INFO  o.a.catalina.core.StandardService - Starting service [Tomcat]
2025-08-29 16:45:54.400 [main] INFO  o.a.catalina.core.StandardEngine - Starting Servlet engine: [Apache Tomcat/10.1.42]
2025-08-29 16:45:54.429 [main] INFO  o.a.c.c.C.[Tomcat].[localhost].[/] - Initializing Spring embedded WebApplicationContext
2025-08-29 16:45:54.430 [main] INFO  o.s.b.w.s.c.ServletWebServerApplicationContext - Root WebApplicationContext: initialization completed in 626 ms
2025-08-29 16:45:54.824 [main] INFO  o.s.b.a.w.s.WelcomePageHandlerMapping - Adding welcome page: class path resource [static/index.html]
2025-08-29 16:45:55.004 [main] INFO  o.a.coyote.http11.Http11NioProtocol - Starting ProtocolHandler ["http-nio-8080"]
2025-08-29 16:45:55.010 [main] INFO  o.s.b.w.e.tomcat.TomcatWebServer - Tomcat started on port 8080 (http) with context path '/'
2025-08-29 16:45:55.016 [main] INFO  com.quan.project.ProjectApplication - Started ProjectApplication in 1.626 seconds (process running for 3.18)
2025-08-29 17:17:29.202 [http-nio-8080-exec-1] INFO  o.a.c.c.C.[Tomcat].[localhost].[/] - Initializing Spring DispatcherServlet 'dispatcherServlet'
2025-08-29 17:17:29.203 [http-nio-8080-exec-1] INFO  o.s.web.servlet.DispatcherServlet - Initializing Servlet 'dispatcherServlet'
2025-08-29 17:17:29.204 [http-nio-8080-exec-1] INFO  o.s.web.servlet.DispatcherServlet - Completed initialization in 0 ms
2025-08-29 17:17:29.374 [http-nio-8080-exec-3] WARN  c.q.p.e.GlobalExceptionHandler - 请求的资源不存在: favicon.ico
2025-08-29 17:17:32.417 [http-nio-8080-exec-2] WARN  c.q.p.e.GlobalExceptionHandler - 请求的资源不存在: common/plugins/axios/axios.min.js.map
2025-08-29 17:17:33.533 [http-nio-8080-exec-3] WARN  c.q.p.e.GlobalExceptionHandler - 请求的资源不存在: common/plugins/axios/axios.min.js.map
2025-08-29 17:17:33.626 [http-nio-8080-exec-4] WARN  c.q.p.e.GlobalExceptionHandler - 请求的资源不存在: favicon.ico
2025-08-29 17:17:37.316 [http-nio-8080-exec-2] WARN  c.q.p.e.GlobalExceptionHandler - 请求的资源不存在: common/plugins/axios/axios.min.js.map
2025-08-29 17:17:37.407 [http-nio-8080-exec-8] WARN  c.q.p.e.GlobalExceptionHandler - 请求的资源不存在: favicon.ico
2025-08-29 17:18:21.561 [main] INFO  com.quan.project.ProjectApplication - Starting ProjectApplication using Java 17.0.12 with PID 23736 (D:\workspace\project-template\java\my-springboot-project-17\target\classes started by Administrator in D:\workspace\project-template\java\my-springboot-project-17)
2025-08-29 17:18:21.561 [main] DEBUG com.quan.project.ProjectApplication - Running with Spring Boot v3.3.13, Spring v6.1.21
2025-08-29 17:18:21.562 [main] INFO  com.quan.project.ProjectApplication - No active profile set, falling back to 1 default profile: "default"
2025-08-29 17:18:22.426 [main] INFO  o.s.b.w.e.tomcat.TomcatWebServer - Tomcat initialized with port 8080 (http)
2025-08-29 17:18:22.433 [main] INFO  o.a.coyote.http11.Http11NioProtocol - Initializing ProtocolHandler ["http-nio-8080"]
2025-08-29 17:18:22.435 [main] INFO  o.a.catalina.core.StandardService - Starting service [Tomcat]
2025-08-29 17:18:22.435 [main] INFO  o.a.catalina.core.StandardEngine - Starting Servlet engine: [Apache Tomcat/10.1.42]
2025-08-29 17:18:22.464 [main] INFO  o.a.c.c.C.[Tomcat].[localhost].[/] - Initializing Spring embedded WebApplicationContext
2025-08-29 17:18:22.464 [main] INFO  o.s.b.w.s.c.ServletWebServerApplicationContext - Root WebApplicationContext: initialization completed in 784 ms
2025-08-29 17:18:22.911 [main] INFO  o.s.b.a.w.s.WelcomePageHandlerMapping - Adding welcome page: class path resource [static/index.html]
2025-08-29 17:18:23.099 [main] INFO  o.a.coyote.http11.Http11NioProtocol - Starting ProtocolHandler ["http-nio-8080"]
2025-08-29 17:18:23.107 [main] INFO  o.s.b.w.e.tomcat.TomcatWebServer - Tomcat started on port 8080 (http) with context path '/'
2025-08-29 17:18:23.113 [main] INFO  com.quan.project.ProjectApplication - Started ProjectApplication in 1.9 seconds (process running for 2.394)
2025-08-29 17:18:38.642 [http-nio-8080-exec-1] INFO  o.a.c.c.C.[Tomcat].[localhost].[/] - Initializing Spring DispatcherServlet 'dispatcherServlet'
2025-08-29 17:18:38.642 [http-nio-8080-exec-1] INFO  o.s.web.servlet.DispatcherServlet - Initializing Servlet 'dispatcherServlet'
2025-08-29 17:18:38.643 [http-nio-8080-exec-1] INFO  o.s.web.servlet.DispatcherServlet - Completed initialization in 1 ms
2025-08-29 17:18:38.757 [http-nio-8080-exec-9] WARN  c.q.p.e.GlobalExceptionHandler - 请求的资源不存在: common/plugins/axios/axios.min.js.map
2025-08-29 17:18:38.856 [http-nio-8080-exec-10] DEBUG c.q.p.interceptor.JwtInterceptor - JWT拦截器拦截API请求: /api/banners/search
2025-08-29 17:18:38.856 [http-nio-8080-exec-1] DEBUG c.q.p.interceptor.JwtInterceptor - JWT拦截器拦截API请求: /api/system-messages/search
2025-08-29 17:18:38.857 [http-nio-8080-exec-10] WARN  c.q.p.interceptor.JwtInterceptor - API请求未携带token: /api/banners/search
2025-08-29 17:18:38.857 [http-nio-8080-exec-1] WARN  c.q.p.interceptor.JwtInterceptor - API请求未携带token: /api/system-messages/search
2025-08-29 17:18:38.858 [http-nio-8080-exec-7] WARN  c.q.p.e.GlobalExceptionHandler - 请求的资源不存在: common/images/course2.jpg
2025-08-29 17:18:38.858 [http-nio-8080-exec-3] WARN  c.q.p.e.GlobalExceptionHandler - 请求的资源不存在: common/images/course1.jpg
2025-08-29 17:18:38.902 [http-nio-8080-exec-4] WARN  c.q.p.e.GlobalExceptionHandler - 请求的资源不存在: favicon.ico
2025-08-29 17:18:40.776 [http-nio-8080-exec-5] WARN  c.q.p.e.GlobalExceptionHandler - 请求的资源不存在: favicon.ico
2025-08-29 17:18:41.502 [http-nio-8080-exec-8] WARN  c.q.p.e.GlobalExceptionHandler - 请求的资源不存在: favicon.ico
2025-08-29 17:18:42.518 [http-nio-8080-exec-6] WARN  c.q.p.e.GlobalExceptionHandler - 请求的资源不存在: favicon.ico
2025-08-29 17:18:42.798 [http-nio-8080-exec-9] WARN  c.q.p.e.GlobalExceptionHandler - 请求的资源不存在: favicon.ico
2025-08-29 17:18:43.125 [http-nio-8080-exec-10] WARN  c.q.p.e.GlobalExceptionHandler - 请求的资源不存在: frontend/ai-chat.html
2025-08-29 17:18:43.151 [http-nio-8080-exec-1] WARN  c.q.p.e.GlobalExceptionHandler - 请求的资源不存在: favicon.ico
2025-08-29 17:18:44.639 [http-nio-8080-exec-3] WARN  c.q.p.e.GlobalExceptionHandler - 请求的资源不存在: favicon.ico
2025-08-29 17:18:44.639 [http-nio-8080-exec-7] WARN  c.q.p.e.GlobalExceptionHandler - 请求的资源不存在: common/plugins/axios/axios.min.js.map
2025-08-29 17:18:44.646 [http-nio-8080-exec-2] WARN  c.q.p.e.GlobalExceptionHandler - 请求的资源不存在: common/plugins/axios/axios.min.js.map
2025-08-29 17:18:44.650 [http-nio-8080-exec-4] WARN  c.q.p.e.GlobalExceptionHandler - 请求的资源不存在: common/plugins/axios/axios.min.js.map
2025-08-29 17:19:11.562 [http-nio-8080-exec-6] WARN  c.q.p.e.GlobalExceptionHandler - 请求的资源不存在: favicon.ico
2025-08-29 17:19:20.434 [http-nio-8080-exec-9] INFO  com.zaxxer.hikari.HikariDataSource - SpringBootHikariCP - Starting...
2025-08-29 17:19:20.534 [http-nio-8080-exec-9] INFO  com.zaxxer.hikari.pool.HikariPool - SpringBootHikariCP - Added connection com.mysql.cj.jdbc.ConnectionImpl@6a85bd37
2025-08-29 17:19:20.536 [http-nio-8080-exec-9] INFO  com.zaxxer.hikari.HikariDataSource - SpringBootHikariCP - Start completed.
2025-08-29 17:19:20.557 [http-nio-8080-exec-9] DEBUG c.q.project.mapper.UserMapper.login - ==>  Preparing: SELECT * FROM users WHERE username = ? AND password = ?
2025-08-29 17:19:20.574 [http-nio-8080-exec-9] DEBUG c.q.project.mapper.UserMapper.login - ==> Parameters: admin(String), 123456(String)
2025-08-29 17:19:20.591 [http-nio-8080-exec-9] DEBUG c.q.project.mapper.UserMapper.login - <==      Total: 1
2025-08-29 17:19:20.594 [http-nio-8080-exec-9] INFO  c.q.p.service.impl.UserServiceImpl - 用户登录成功，用户名: admin
2025-08-29 17:19:21.782 [http-nio-8080-exec-7] DEBUG c.q.p.interceptor.JwtInterceptor - JWT拦截器拦截API请求: /api/system-messages/search
2025-08-29 17:19:21.782 [http-nio-8080-exec-1] DEBUG c.q.p.interceptor.JwtInterceptor - JWT拦截器拦截API请求: /api/banners/search
2025-08-29 17:19:21.782 [http-nio-8080-exec-7] WARN  c.q.p.interceptor.JwtInterceptor - API请求未携带token: /api/system-messages/search
2025-08-29 17:19:21.782 [http-nio-8080-exec-1] WARN  c.q.p.interceptor.JwtInterceptor - API请求未携带token: /api/banners/search
2025-08-29 17:19:21.804 [http-nio-8080-exec-3] WARN  c.q.p.e.GlobalExceptionHandler - 请求的资源不存在: common/images/course1.jpg
2025-08-29 17:19:21.804 [http-nio-8080-exec-2] WARN  c.q.p.e.GlobalExceptionHandler - 请求的资源不存在: common/images/course2.jpg
2025-08-29 17:19:21.846 [http-nio-8080-exec-5] WARN  c.q.p.e.GlobalExceptionHandler - 请求的资源不存在: favicon.ico
2025-08-29 17:20:04.036 [http-nio-8080-exec-10] WARN  c.q.p.e.GlobalExceptionHandler - 请求的资源不存在: common/plugins/axios/axios.min.js.map
2025-08-29 17:21:27.557 [http-nio-8080-exec-2] WARN  c.q.p.e.GlobalExceptionHandler - 请求的资源不存在: favicon.ico
2025-08-29 17:21:28.077 [http-nio-8080-exec-4] WARN  c.q.p.e.GlobalExceptionHandler - 请求的资源不存在: favicon.ico
2025-08-29 17:21:29.574 [http-nio-8080-exec-5] WARN  c.q.p.e.GlobalExceptionHandler - 请求的资源不存在: favicon.ico
2025-08-29 17:21:30.100 [http-nio-8080-exec-9] WARN  c.q.p.e.GlobalExceptionHandler - 请求的资源不存在: favicon.ico
2025-08-29 17:21:30.408 [http-nio-8080-exec-8] WARN  c.q.p.e.GlobalExceptionHandler - 请求的资源不存在: frontend/ai-chat.html
2025-08-29 17:21:30.424 [http-nio-8080-exec-6] WARN  c.q.p.e.GlobalExceptionHandler - 请求的资源不存在: favicon.ico
2025-08-29 17:21:31.846 [http-nio-8080-exec-10] WARN  c.q.p.e.GlobalExceptionHandler - 请求的资源不存在: favicon.ico
2025-08-29 17:21:33.559 [http-nio-8080-exec-7] WARN  c.q.p.e.GlobalExceptionHandler - 请求的资源不存在: frontend/ai-chat.html
2025-08-29 17:21:33.575 [http-nio-8080-exec-1] WARN  c.q.p.e.GlobalExceptionHandler - 请求的资源不存在: favicon.ico
2025-08-29 17:21:39.773 [http-nio-8080-exec-3] WARN  c.q.p.e.GlobalExceptionHandler - 请求的资源不存在: favicon.ico
2025-08-29 17:23:02.535 [http-nio-8080-exec-4] WARN  c.q.p.e.GlobalExceptionHandler - 请求的资源不存在: common/plugins/axios/axios.min.js.map
2025-08-29 17:26:39.590 [http-nio-8080-exec-4] WARN  c.q.p.e.GlobalExceptionHandler - 请求的资源不存在: common/plugins/axios/axios.min.js.map
2025-08-29 17:26:39.689 [http-nio-8080-exec-9] DEBUG c.q.p.interceptor.JwtInterceptor - JWT拦截器拦截API请求: /api/system-messages/search
2025-08-29 17:26:39.689 [http-nio-8080-exec-5] DEBUG c.q.p.interceptor.JwtInterceptor - JWT拦截器拦截API请求: /api/banners/search
2025-08-29 17:26:39.689 [http-nio-8080-exec-9] WARN  c.q.p.interceptor.JwtInterceptor - API请求未携带token: /api/system-messages/search
2025-08-29 17:26:39.689 [http-nio-8080-exec-5] WARN  c.q.p.interceptor.JwtInterceptor - API请求未携带token: /api/banners/search
2025-08-29 17:26:39.712 [http-nio-8080-exec-3] WARN  c.q.p.e.GlobalExceptionHandler - 请求的资源不存在: common/images/course2.jpg
2025-08-29 17:26:39.712 [http-nio-8080-exec-6] WARN  c.q.p.e.GlobalExceptionHandler - 请求的资源不存在: common/images/course1.jpg
2025-08-29 17:26:39.787 [http-nio-8080-exec-7] WARN  c.q.p.e.GlobalExceptionHandler - 请求的资源不存在: favicon.ico
2025-08-29 17:26:45.217 [http-nio-8080-exec-10] WARN  c.q.p.e.GlobalExceptionHandler - 请求的资源不存在: common/plugins/axios/axios.min.js.map
2025-08-29 17:26:45.306 [http-nio-8080-exec-7] DEBUG c.q.p.interceptor.JwtInterceptor - JWT拦截器拦截API请求: /api/banners/search
2025-08-29 17:26:45.306 [http-nio-8080-exec-1] DEBUG c.q.p.interceptor.JwtInterceptor - JWT拦截器拦截API请求: /api/system-messages/search
2025-08-29 17:26:45.306 [http-nio-8080-exec-7] WARN  c.q.p.interceptor.JwtInterceptor - API请求未携带token: /api/banners/search
2025-08-29 17:26:45.306 [http-nio-8080-exec-1] WARN  c.q.p.interceptor.JwtInterceptor - API请求未携带token: /api/system-messages/search
2025-08-29 17:26:45.328 [http-nio-8080-exec-4] WARN  c.q.p.e.GlobalExceptionHandler - 请求的资源不存在: common/images/course1.jpg
2025-08-29 17:26:45.328 [http-nio-8080-exec-5] WARN  c.q.p.e.GlobalExceptionHandler - 请求的资源不存在: common/images/course2.jpg
2025-08-29 17:26:45.393 [http-nio-8080-exec-9] WARN  c.q.p.e.GlobalExceptionHandler - 请求的资源不存在: favicon.ico
2025-08-29 17:27:01.677 [http-nio-8080-exec-2] WARN  c.q.p.e.GlobalExceptionHandler - 请求的资源不存在: common/plugins/axios/axios.min.js.map
2025-08-29 17:27:01.787 [http-nio-8080-exec-9] DEBUG c.q.p.interceptor.JwtInterceptor - JWT拦截器拦截API请求: /api/banners/search
2025-08-29 17:27:01.787 [http-nio-8080-exec-8] DEBUG c.q.p.interceptor.JwtInterceptor - JWT拦截器拦截API请求: /api/system-messages/search
2025-08-29 17:27:01.787 [http-nio-8080-exec-9] WARN  c.q.p.interceptor.JwtInterceptor - API请求未携带token: /api/banners/search
2025-08-29 17:27:01.787 [http-nio-8080-exec-8] WARN  c.q.p.interceptor.JwtInterceptor - API请求未携带token: /api/system-messages/search
2025-08-29 17:27:01.813 [http-nio-8080-exec-6] WARN  c.q.p.e.GlobalExceptionHandler - 请求的资源不存在: common/images/course1.jpg
2025-08-29 17:27:01.813 [http-nio-8080-exec-4] WARN  c.q.p.e.GlobalExceptionHandler - 请求的资源不存在: common/images/course2.jpg
2025-08-29 17:27:01.870 [http-nio-8080-exec-1] WARN  c.q.p.e.GlobalExceptionHandler - 请求的资源不存在: favicon.ico
2025-08-29 17:27:10.353 [SpringApplicationShutdownHook] INFO  com.zaxxer.hikari.HikariDataSource - SpringBootHikariCP - Shutdown initiated...
2025-08-29 17:27:10.357 [SpringApplicationShutdownHook] INFO  com.zaxxer.hikari.HikariDataSource - SpringBootHikariCP - Shutdown completed.
2025-08-29 17:34:10.297 [main] INFO  com.quan.project.ProjectApplication - Starting ProjectApplication using Java 17.0.12 with PID 27660 (D:\workspace\project-template\java\my-springboot-project-17\target\classes started by Administrator in D:\workspace\project-template\java\my-springboot-project-17)
2025-08-29 17:34:10.298 [main] DEBUG com.quan.project.ProjectApplication - Running with Spring Boot v3.3.13, Spring v6.1.21
2025-08-29 17:34:10.298 [main] INFO  com.quan.project.ProjectApplication - No active profile set, falling back to 1 default profile: "default"
2025-08-29 17:34:11.224 [main] INFO  o.s.b.w.e.tomcat.TomcatWebServer - Tomcat initialized with port 8080 (http)
2025-08-29 17:34:11.233 [main] INFO  o.a.coyote.http11.Http11NioProtocol - Initializing ProtocolHandler ["http-nio-8080"]
2025-08-29 17:34:11.234 [main] INFO  o.a.catalina.core.StandardService - Starting service [Tomcat]
2025-08-29 17:34:11.234 [main] INFO  o.a.catalina.core.StandardEngine - Starting Servlet engine: [Apache Tomcat/10.1.42]
2025-08-29 17:34:11.274 [main] INFO  o.a.c.c.C.[Tomcat].[localhost].[/] - Initializing Spring embedded WebApplicationContext
2025-08-29 17:34:11.275 [main] INFO  o.s.b.w.s.c.ServletWebServerApplicationContext - Root WebApplicationContext: initialization completed in 851 ms
2025-08-29 17:34:11.805 [main] INFO  o.s.b.a.w.s.WelcomePageHandlerMapping - Adding welcome page: class path resource [static/index.html]
2025-08-29 17:34:12.049 [main] INFO  o.a.coyote.http11.Http11NioProtocol - Starting ProtocolHandler ["http-nio-8080"]
2025-08-29 17:34:12.056 [main] INFO  o.s.b.w.e.tomcat.TomcatWebServer - Tomcat started on port 8080 (http) with context path '/'
2025-08-29 17:34:12.064 [main] INFO  com.quan.project.ProjectApplication - Started ProjectApplication in 2.09 seconds (process running for 4.996)
2025-08-29 17:34:39.532 [http-nio-8080-exec-1] INFO  o.a.c.c.C.[Tomcat].[localhost].[/] - Initializing Spring DispatcherServlet 'dispatcherServlet'
2025-08-29 17:34:39.532 [http-nio-8080-exec-1] INFO  o.s.web.servlet.DispatcherServlet - Initializing Servlet 'dispatcherServlet'
2025-08-29 17:34:39.533 [http-nio-8080-exec-1] INFO  o.s.web.servlet.DispatcherServlet - Completed initialization in 1 ms
2025-08-29 17:34:39.719 [http-nio-8080-exec-3] DEBUG c.q.p.interceptor.JwtInterceptor - JWT拦截器拦截API请求: /api/system-messages/search
2025-08-29 17:34:39.719 [http-nio-8080-exec-2] DEBUG c.q.p.interceptor.JwtInterceptor - JWT拦截器拦截API请求: /api/banners/search
2025-08-29 17:34:39.721 [http-nio-8080-exec-3] WARN  c.q.p.interceptor.JwtInterceptor - API请求未携带token: /api/system-messages/search
2025-08-29 17:34:39.721 [http-nio-8080-exec-2] WARN  c.q.p.interceptor.JwtInterceptor - API请求未携带token: /api/banners/search
2025-08-29 17:34:39.772 [http-nio-8080-exec-5] WARN  c.q.p.e.GlobalExceptionHandler - 请求的资源不存在: common/images/course2.jpg
2025-08-29 17:34:39.772 [http-nio-8080-exec-4] WARN  c.q.p.e.GlobalExceptionHandler - 请求的资源不存在: common/images/course1.jpg
2025-08-29 17:34:39.826 [http-nio-8080-exec-6] WARN  c.q.p.e.GlobalExceptionHandler - 请求的资源不存在: favicon.ico
2025-08-29 17:34:41.568 [http-nio-8080-exec-8] DEBUG c.q.p.interceptor.JwtInterceptor - JWT拦截器拦截API请求: /api/banners/search
2025-08-29 17:34:41.568 [http-nio-8080-exec-9] DEBUG c.q.p.interceptor.JwtInterceptor - JWT拦截器拦截API请求: /api/system-messages/search
2025-08-29 17:34:41.568 [http-nio-8080-exec-8] WARN  c.q.p.interceptor.JwtInterceptor - API请求未携带token: /api/banners/search
2025-08-29 17:34:41.569 [http-nio-8080-exec-9] WARN  c.q.p.interceptor.JwtInterceptor - API请求未携带token: /api/system-messages/search
2025-08-29 17:34:41.581 [http-nio-8080-exec-10] WARN  c.q.p.e.GlobalExceptionHandler - 请求的资源不存在: common/images/course1.jpg
2025-08-29 17:34:41.581 [http-nio-8080-exec-1] WARN  c.q.p.e.GlobalExceptionHandler - 请求的资源不存在: common/images/course2.jpg
2025-08-29 17:34:41.604 [http-nio-8080-exec-2] WARN  c.q.p.e.GlobalExceptionHandler - 请求的资源不存在: favicon.ico
2025-08-29 17:34:53.477 [http-nio-8080-exec-5] DEBUG c.q.p.interceptor.JwtInterceptor - JWT拦截器拦截API请求: /api/banners/search
2025-08-29 17:34:53.477 [http-nio-8080-exec-4] DEBUG c.q.p.interceptor.JwtInterceptor - JWT拦截器拦截API请求: /api/system-messages/search
2025-08-29 17:34:53.477 [http-nio-8080-exec-5] WARN  c.q.p.interceptor.JwtInterceptor - API请求未携带token: /api/banners/search
2025-08-29 17:34:53.477 [http-nio-8080-exec-4] WARN  c.q.p.interceptor.JwtInterceptor - API请求未携带token: /api/system-messages/search
2025-08-29 17:34:53.493 [http-nio-8080-exec-6] WARN  c.q.p.e.GlobalExceptionHandler - 请求的资源不存在: common/images/course1.jpg
2025-08-29 17:34:53.493 [http-nio-8080-exec-7] WARN  c.q.p.e.GlobalExceptionHandler - 请求的资源不存在: common/images/course2.jpg
2025-08-29 17:34:53.517 [http-nio-8080-exec-9] WARN  c.q.p.e.GlobalExceptionHandler - 请求的资源不存在: favicon.ico
2025-08-29 17:35:55.235 [http-nio-8080-exec-10] WARN  c.q.p.e.GlobalExceptionHandler - 请求的资源不存在: common/plugins/axios/axios.min.js.map
2025-08-29 17:55:26.743 [http-nio-8080-exec-10] WARN  c.q.p.e.GlobalExceptionHandler - 请求的资源不存在: common/plugins/axios/axios.min.js.map
2025-08-29 17:55:26.855 [http-nio-8080-exec-3] DEBUG c.q.p.interceptor.JwtInterceptor - JWT拦截器拦截API请求: /api/system-messages/search
2025-08-29 17:55:26.855 [http-nio-8080-exec-2] DEBUG c.q.p.interceptor.JwtInterceptor - JWT拦截器拦截API请求: /api/banners/search
2025-08-29 17:55:26.856 [http-nio-8080-exec-3] WARN  c.q.p.interceptor.JwtInterceptor - API请求未携带token: /api/system-messages/search
2025-08-29 17:55:26.856 [http-nio-8080-exec-2] WARN  c.q.p.interceptor.JwtInterceptor - API请求未携带token: /api/banners/search
2025-08-29 17:55:26.881 [http-nio-8080-exec-5] WARN  c.q.p.e.GlobalExceptionHandler - 请求的资源不存在: common/images/course1.jpg
2025-08-29 17:55:26.881 [http-nio-8080-exec-8] WARN  c.q.p.e.GlobalExceptionHandler - 请求的资源不存在: common/images/course2.jpg
2025-08-29 17:55:26.936 [http-nio-8080-exec-6] WARN  c.q.p.e.GlobalExceptionHandler - 请求的资源不存在: favicon.ico
2025-08-29 17:55:29.642 [http-nio-8080-exec-7] WARN  c.q.p.e.GlobalExceptionHandler - 请求的资源不存在: common/plugins/axios/axios.min.js.map
2025-08-29 17:55:29.727 [http-nio-8080-exec-1] DEBUG c.q.p.interceptor.JwtInterceptor - JWT拦截器拦截API请求: /api/system-messages/search
2025-08-29 17:55:29.727 [http-nio-8080-exec-6] DEBUG c.q.p.interceptor.JwtInterceptor - JWT拦截器拦截API请求: /api/banners/search
2025-08-29 17:55:29.727 [http-nio-8080-exec-1] WARN  c.q.p.interceptor.JwtInterceptor - API请求未携带token: /api/system-messages/search
2025-08-29 17:55:29.727 [http-nio-8080-exec-6] WARN  c.q.p.interceptor.JwtInterceptor - API请求未携带token: /api/banners/search
2025-08-29 17:55:29.748 [http-nio-8080-exec-8] WARN  c.q.p.e.GlobalExceptionHandler - 请求的资源不存在: common/images/course2.jpg
2025-08-29 17:55:29.748 [http-nio-8080-exec-9] WARN  c.q.p.e.GlobalExceptionHandler - 请求的资源不存在: common/images/course1.jpg
2025-08-29 17:55:29.802 [http-nio-8080-exec-3] WARN  c.q.p.e.GlobalExceptionHandler - 请求的资源不存在: favicon.ico
2025-08-29 17:55:50.047 [main] INFO  com.quan.project.ProjectApplication - Starting ProjectApplication using Java 17.0.12 with PID 23472 (D:\workspace\project-template\java\my-springboot-project-17\target\classes started by Administrator in D:\workspace\project-template\java\my-springboot-project-17)
2025-08-29 17:55:50.047 [main] DEBUG com.quan.project.ProjectApplication - Running with Spring Boot v3.3.13, Spring v6.1.21
2025-08-29 17:55:50.048 [main] INFO  com.quan.project.ProjectApplication - No active profile set, falling back to 1 default profile: "default"
2025-08-29 17:55:50.844 [main] INFO  o.s.b.w.e.tomcat.TomcatWebServer - Tomcat initialized with port 8080 (http)
2025-08-29 17:55:50.852 [main] INFO  o.a.coyote.http11.Http11NioProtocol - Initializing ProtocolHandler ["http-nio-8080"]
2025-08-29 17:55:50.853 [main] INFO  o.a.catalina.core.StandardService - Starting service [Tomcat]
2025-08-29 17:55:50.854 [main] INFO  o.a.catalina.core.StandardEngine - Starting Servlet engine: [Apache Tomcat/10.1.42]
2025-08-29 17:55:50.885 [main] INFO  o.a.c.c.C.[Tomcat].[localhost].[/] - Initializing Spring embedded WebApplicationContext
2025-08-29 17:55:50.885 [main] INFO  o.s.b.w.s.c.ServletWebServerApplicationContext - Root WebApplicationContext: initialization completed in 707 ms
2025-08-29 17:55:51.335 [main] INFO  o.s.b.a.w.s.WelcomePageHandlerMapping - Adding welcome page: class path resource [static/index.html]
2025-08-29 17:55:51.520 [main] INFO  o.a.coyote.http11.Http11NioProtocol - Starting ProtocolHandler ["http-nio-8080"]
2025-08-29 17:55:51.528 [main] INFO  o.s.b.w.e.tomcat.TomcatWebServer - Tomcat started on port 8080 (http) with context path '/'
2025-08-29 17:55:51.534 [main] INFO  com.quan.project.ProjectApplication - Started ProjectApplication in 1.794 seconds (process running for 4.498)
2025-08-29 17:55:57.002 [http-nio-8080-exec-1] INFO  o.a.c.c.C.[Tomcat].[localhost].[/] - Initializing Spring DispatcherServlet 'dispatcherServlet'
2025-08-29 17:55:57.002 [http-nio-8080-exec-1] INFO  o.s.web.servlet.DispatcherServlet - Initializing Servlet 'dispatcherServlet'
2025-08-29 17:55:57.003 [http-nio-8080-exec-1] INFO  o.s.web.servlet.DispatcherServlet - Completed initialization in 1 ms
2025-08-29 17:55:57.123 [http-nio-8080-exec-9] WARN  c.q.p.e.GlobalExceptionHandler - 请求的资源不存在: common/plugins/axios/axios.min.js.map
2025-08-29 17:55:57.214 [http-nio-8080-exec-10] DEBUG c.q.p.interceptor.JwtInterceptor - JWT拦截器拦截API请求: /api/banners/search
2025-08-29 17:55:57.214 [http-nio-8080-exec-1] DEBUG c.q.p.interceptor.JwtInterceptor - JWT拦截器拦截API请求: /api/system-messages/search
2025-08-29 17:55:57.214 [http-nio-8080-exec-10] WARN  c.q.p.interceptor.JwtInterceptor - API请求未携带token: /api/banners/search
2025-08-29 17:55:57.214 [http-nio-8080-exec-1] WARN  c.q.p.interceptor.JwtInterceptor - API请求未携带token: /api/system-messages/search
2025-08-29 17:55:57.242 [http-nio-8080-exec-2] WARN  c.q.p.e.GlobalExceptionHandler - 请求的资源不存在: common/images/item1.jpg
2025-08-29 17:55:57.242 [http-nio-8080-exec-7] WARN  c.q.p.e.GlobalExceptionHandler - 请求的资源不存在: common/images/item2.jpg
2025-08-29 17:55:57.299 [http-nio-8080-exec-5] WARN  c.q.p.e.GlobalExceptionHandler - 请求的资源不存在: favicon.ico
2025-08-29 17:56:09.714 [http-nio-8080-exec-4] WARN  c.q.p.e.GlobalExceptionHandler - 请求的资源不存在: common/plugins/axios/axios.min.js.map
2025-08-29 17:56:09.910 [http-nio-8080-exec-6] WARN  c.q.p.e.GlobalExceptionHandler - 请求的资源不存在: favicon.ico
2025-08-29 17:56:55.036 [http-nio-8080-exec-10] WARN  c.q.p.e.GlobalExceptionHandler - 请求的资源不存在: favicon.ico
2025-08-29 17:57:01.599 [http-nio-8080-exec-1] WARN  c.q.p.e.GlobalExceptionHandler - 请求的资源不存在: favicon.ico
2025-08-29 17:57:03.484 [http-nio-8080-exec-2] WARN  c.q.p.e.GlobalExceptionHandler - 请求的资源不存在: favicon.ico
2025-08-29 17:57:03.531 [http-nio-8080-exec-3] WARN  c.q.p.e.GlobalExceptionHandler - 请求的资源不存在: common/plugins/axios/axios.min.js.map
2025-08-29 17:57:03.539 [http-nio-8080-exec-4] WARN  c.q.p.e.GlobalExceptionHandler - 请求的资源不存在: common/plugins/axios/axios.min.js.map
2025-08-29 17:57:03.558 [http-nio-8080-exec-5] WARN  c.q.p.e.GlobalExceptionHandler - 请求的资源不存在: common/plugins/axios/axios.min.js.map
2025-08-29 17:57:07.886 [http-nio-8080-exec-2] WARN  c.q.p.e.GlobalExceptionHandler - 请求的资源不存在: common/plugins/marked/marked.umd.js.map
2025-08-29 17:57:07.889 [http-nio-8080-exec-3] WARN  c.q.p.e.GlobalExceptionHandler - 请求的资源不存在: common/plugins/axios/axios.min.js.map
2025-08-29 17:57:07.944 [http-nio-8080-exec-5] WARN  c.q.p.e.GlobalExceptionHandler - 请求的资源不存在: common/plugins/fetch-event-source/fetch-event-source.umd.min.js.map
2025-08-29 17:57:07.956 [http-nio-8080-exec-8] WARN  c.q.p.e.GlobalExceptionHandler - 请求的资源不存在: favicon.ico
2025-08-29 17:57:11.351 [http-nio-8080-exec-9] WARN  c.q.p.e.GlobalExceptionHandler - 请求的资源不存在: favicon.ico
2025-08-29 17:57:11.360 [http-nio-8080-exec-10] WARN  c.q.p.e.GlobalExceptionHandler - 请求的资源不存在: common/plugins/axios/axios.min.js.map
2025-08-29 17:57:11.363 [http-nio-8080-exec-7] WARN  c.q.p.e.GlobalExceptionHandler - 请求的资源不存在: common/plugins/axios/axios.min.js.map
2025-08-29 17:57:11.391 [http-nio-8080-exec-2] WARN  c.q.p.e.GlobalExceptionHandler - 请求的资源不存在: common/plugins/axios/axios.min.js.map
2025-08-29 17:57:11.776 [http-nio-8080-exec-4] INFO  c.q.p.service.impl.AiChatServiceImpl - AI服务可用性检查结果: true (使用默认系统消息)
2025-08-29 17:57:14.308 [http-nio-8080-exec-3] WARN  c.q.p.e.GlobalExceptionHandler - 请求的资源不存在: favicon.ico
2025-08-29 17:57:18.669 [http-nio-8080-exec-5] WARN  c.q.p.e.GlobalExceptionHandler - 请求的资源不存在: favicon.ico
2025-08-29 17:57:18.682 [http-nio-8080-exec-8] WARN  c.q.p.e.GlobalExceptionHandler - 请求的资源不存在: common/plugins/axios/axios.min.js.map
2025-08-29 17:57:18.686 [http-nio-8080-exec-1] WARN  c.q.p.e.GlobalExceptionHandler - 请求的资源不存在: common/plugins/axios/axios.min.js.map
2025-08-29 17:57:18.719 [http-nio-8080-exec-6] WARN  c.q.p.e.GlobalExceptionHandler - 请求的资源不存在: common/plugins/axios/axios.min.js.map
2025-08-29 17:57:50.275 [http-nio-8080-exec-10] WARN  c.q.p.e.GlobalExceptionHandler - 请求的资源不存在: common/plugins/axios/axios.min.js.map
2025-08-29 17:57:50.389 [http-nio-8080-exec-7] DEBUG c.q.p.interceptor.JwtInterceptor - JWT拦截器拦截API请求: /api/banners/search
2025-08-29 17:57:50.390 [http-nio-8080-exec-7] WARN  c.q.p.interceptor.JwtInterceptor - API请求未携带token: /api/banners/search
2025-08-29 17:57:50.390 [http-nio-8080-exec-2] DEBUG c.q.p.interceptor.JwtInterceptor - JWT拦截器拦截API请求: /api/system-messages/search
2025-08-29 17:57:50.390 [http-nio-8080-exec-2] WARN  c.q.p.interceptor.JwtInterceptor - API请求未携带token: /api/system-messages/search
2025-08-29 17:57:50.412 [http-nio-8080-exec-3] WARN  c.q.p.e.GlobalExceptionHandler - 请求的资源不存在: common/images/item2.jpg
2025-08-29 17:57:50.412 [http-nio-8080-exec-4] WARN  c.q.p.e.GlobalExceptionHandler - 请求的资源不存在: common/images/item1.jpg
2025-08-29 17:57:50.461 [http-nio-8080-exec-5] WARN  c.q.p.e.GlobalExceptionHandler - 请求的资源不存在: favicon.ico
2025-08-29 17:58:34.754 [http-nio-8080-exec-2] DEBUG c.q.p.interceptor.JwtInterceptor - JWT拦截器拦截API请求: /api/banners/search
2025-08-29 17:58:34.778 [http-nio-8080-exec-4] WARN  c.q.p.e.GlobalExceptionHandler - 请求的资源不存在: favicon.ico
2025-08-29 17:58:34.804 [http-nio-8080-exec-2] WARN  c.q.p.interceptor.JwtInterceptor - API请求token验证失败: 令牌已过期, 请求路径: /api/banners/search
2025-08-29 17:58:35.938 [http-nio-8080-exec-5] WARN  c.q.p.e.GlobalExceptionHandler - 请求的资源不存在: favicon.ico
2025-08-29 17:58:40.748 [http-nio-8080-exec-1] INFO  com.zaxxer.hikari.HikariDataSource - SpringBootHikariCP - Starting...
2025-08-29 17:58:40.849 [http-nio-8080-exec-1] INFO  com.zaxxer.hikari.pool.HikariPool - SpringBootHikariCP - Added connection com.mysql.cj.jdbc.ConnectionImpl@3d9ca05d
2025-08-29 17:58:40.850 [http-nio-8080-exec-1] INFO  com.zaxxer.hikari.HikariDataSource - SpringBootHikariCP - Start completed.
2025-08-29 17:58:40.870 [http-nio-8080-exec-1] DEBUG c.q.project.mapper.UserMapper.login - ==>  Preparing: SELECT * FROM users WHERE username = ? AND password = ?
2025-08-29 17:58:40.888 [http-nio-8080-exec-1] DEBUG c.q.project.mapper.UserMapper.login - ==> Parameters: admin(String), 123456(String)
2025-08-29 17:58:40.902 [http-nio-8080-exec-1] DEBUG c.q.project.mapper.UserMapper.login - <==      Total: 1
2025-08-29 17:58:40.905 [http-nio-8080-exec-1] INFO  c.q.p.service.impl.UserServiceImpl - 用户登录成功，用户名: admin
2025-08-29 17:58:42.067 [http-nio-8080-exec-8] DEBUG c.q.p.interceptor.JwtInterceptor - JWT拦截器拦截API请求: /api/banners/search
2025-08-29 17:58:42.070 [http-nio-8080-exec-8] DEBUG c.q.p.interceptor.JwtInterceptor - API请求token验证成功，用户: admin, ID: 1, 路径: /api/banners/search
2025-08-29 17:58:42.094 [http-nio-8080-exec-6] WARN  c.q.p.e.GlobalExceptionHandler - 请求的资源不存在: favicon.ico
2025-08-29 17:58:42.126 [http-nio-8080-exec-8] DEBUG c.q.p.m.B.selectPageByConditions_COUNT - ==>  Preparing: SELECT count(0) FROM banners
2025-08-29 17:58:42.126 [http-nio-8080-exec-8] DEBUG c.q.p.m.B.selectPageByConditions_COUNT - ==> Parameters: 
2025-08-29 17:58:42.129 [http-nio-8080-exec-8] DEBUG c.q.p.m.B.selectPageByConditions_COUNT - <==      Total: 1
2025-08-29 17:58:42.130 [http-nio-8080-exec-8] DEBUG c.q.p.m.B.selectPageByConditions - ==>  Preparing: SELECT id, title, image_url, link_url, sort_order, create_time, update_time FROM banners ORDER BY sort_order DESC, create_time DESC LIMIT ?
2025-08-29 17:58:42.130 [http-nio-8080-exec-8] DEBUG c.q.p.m.B.selectPageByConditions - ==> Parameters: 10(Integer)
2025-08-29 17:58:42.131 [http-nio-8080-exec-8] DEBUG c.q.p.m.B.selectPageByConditions - <==      Total: 1
2025-08-29 17:58:51.895 [http-nio-8080-exec-5] DEBUG c.q.p.interceptor.JwtInterceptor - JWT拦截器拦截API请求: /api/system-messages/search
2025-08-29 17:58:51.896 [http-nio-8080-exec-5] DEBUG c.q.p.interceptor.JwtInterceptor - API请求token验证成功，用户: admin, ID: 1, 路径: /api/system-messages/search
2025-08-29 17:58:51.902 [http-nio-8080-exec-5] DEBUG c.q.p.m.S.selectPageByConditions_COUNT - ==>  Preparing: SELECT count(0) FROM system_message
2025-08-29 17:58:51.903 [http-nio-8080-exec-5] DEBUG c.q.p.m.S.selectPageByConditions_COUNT - ==> Parameters: 
2025-08-29 17:58:51.905 [http-nio-8080-exec-5] DEBUG c.q.p.m.S.selectPageByConditions_COUNT - <==      Total: 1
2025-08-29 17:58:51.905 [http-nio-8080-exec-5] DEBUG c.q.p.m.S.selectPageByConditions - ==>  Preparing: SELECT * FROM system_message ORDER BY is_top DESC, id DESC LIMIT ?
2025-08-29 17:58:51.905 [http-nio-8080-exec-5] DEBUG c.q.p.m.S.selectPageByConditions - ==> Parameters: 10(Integer)
2025-08-29 17:58:51.908 [http-nio-8080-exec-5] DEBUG c.q.p.m.S.selectPageByConditions - <==      Total: 1
2025-08-29 17:58:54.935 [http-nio-8080-exec-3] DEBUG c.q.p.interceptor.JwtInterceptor - JWT拦截器拦截API请求: /api/banners/search
2025-08-29 17:58:54.936 [http-nio-8080-exec-3] DEBUG c.q.p.interceptor.JwtInterceptor - API请求token验证成功，用户: admin, ID: 1, 路径: /api/banners/search
2025-08-29 17:58:54.940 [http-nio-8080-exec-3] DEBUG c.q.p.m.B.selectPageByConditions_COUNT - ==>  Preparing: SELECT count(0) FROM banners
2025-08-29 17:58:54.940 [http-nio-8080-exec-3] DEBUG c.q.p.m.B.selectPageByConditions_COUNT - ==> Parameters: 
2025-08-29 17:58:54.941 [http-nio-8080-exec-3] DEBUG c.q.p.m.B.selectPageByConditions_COUNT - <==      Total: 1
2025-08-29 17:58:54.942 [http-nio-8080-exec-3] DEBUG c.q.p.m.B.selectPageByConditions - ==>  Preparing: SELECT id, title, image_url, link_url, sort_order, create_time, update_time FROM banners ORDER BY sort_order DESC, create_time DESC LIMIT ?
2025-08-29 17:58:54.942 [http-nio-8080-exec-3] DEBUG c.q.p.m.B.selectPageByConditions - ==> Parameters: 10(Integer)
2025-08-29 17:58:54.942 [http-nio-8080-exec-3] DEBUG c.q.p.m.B.selectPageByConditions - <==      Total: 1
2025-08-29 17:59:01.508 [http-nio-8080-exec-1] DEBUG c.q.p.interceptor.JwtInterceptor - JWT拦截器拦截API请求: /api/system-messages/search
2025-08-29 17:59:01.510 [http-nio-8080-exec-1] DEBUG c.q.p.interceptor.JwtInterceptor - API请求token验证成功，用户: admin, ID: 1, 路径: /api/system-messages/search
2025-08-29 17:59:01.512 [http-nio-8080-exec-1] DEBUG c.q.p.m.S.selectPageByConditions_COUNT - ==>  Preparing: SELECT count(0) FROM system_message
2025-08-29 17:59:01.512 [http-nio-8080-exec-1] DEBUG c.q.p.m.S.selectPageByConditions_COUNT - ==> Parameters: 
2025-08-29 17:59:01.514 [http-nio-8080-exec-1] DEBUG c.q.p.m.S.selectPageByConditions_COUNT - <==      Total: 1
2025-08-29 17:59:01.514 [http-nio-8080-exec-1] DEBUG c.q.p.m.S.selectPageByConditions - ==>  Preparing: SELECT * FROM system_message ORDER BY is_top DESC, id DESC LIMIT ?
2025-08-29 17:59:01.514 [http-nio-8080-exec-1] DEBUG c.q.p.m.S.selectPageByConditions - ==> Parameters: 10(Integer)
2025-08-29 17:59:01.516 [http-nio-8080-exec-1] DEBUG c.q.p.m.S.selectPageByConditions - <==      Total: 1
2025-08-29 17:59:03.733 [http-nio-8080-exec-6] DEBUG c.q.p.interceptor.JwtInterceptor - JWT拦截器拦截API请求: /api/banners/search
2025-08-29 17:59:03.734 [http-nio-8080-exec-6] DEBUG c.q.p.interceptor.JwtInterceptor - API请求token验证成功，用户: admin, ID: 1, 路径: /api/banners/search
2025-08-29 17:59:03.737 [http-nio-8080-exec-6] DEBUG c.q.p.m.B.selectPageByConditions_COUNT - ==>  Preparing: SELECT count(0) FROM banners
2025-08-29 17:59:03.738 [http-nio-8080-exec-6] DEBUG c.q.p.m.B.selectPageByConditions_COUNT - ==> Parameters: 
2025-08-29 17:59:03.739 [http-nio-8080-exec-6] DEBUG c.q.p.m.B.selectPageByConditions_COUNT - <==      Total: 1
2025-08-29 17:59:03.739 [http-nio-8080-exec-6] DEBUG c.q.p.m.B.selectPageByConditions - ==>  Preparing: SELECT id, title, image_url, link_url, sort_order, create_time, update_time FROM banners ORDER BY sort_order DESC, create_time DESC LIMIT ?
2025-08-29 17:59:03.740 [http-nio-8080-exec-6] DEBUG c.q.p.m.B.selectPageByConditions - ==> Parameters: 10(Integer)
2025-08-29 17:59:03.742 [http-nio-8080-exec-6] DEBUG c.q.p.m.B.selectPageByConditions - <==      Total: 1
2025-08-29 17:59:04.699 [http-nio-8080-exec-8] DEBUG c.q.p.interceptor.JwtInterceptor - JWT拦截器拦截API请求: /api/system-messages/search
2025-08-29 17:59:04.700 [http-nio-8080-exec-8] DEBUG c.q.p.interceptor.JwtInterceptor - API请求token验证成功，用户: admin, ID: 1, 路径: /api/system-messages/search
2025-08-29 17:59:04.703 [http-nio-8080-exec-8] DEBUG c.q.p.m.S.selectPageByConditions_COUNT - ==>  Preparing: SELECT count(0) FROM system_message
2025-08-29 17:59:04.703 [http-nio-8080-exec-8] DEBUG c.q.p.m.S.selectPageByConditions_COUNT - ==> Parameters: 
2025-08-29 17:59:04.704 [http-nio-8080-exec-8] DEBUG c.q.p.m.S.selectPageByConditions_COUNT - <==      Total: 1
2025-08-29 17:59:04.704 [http-nio-8080-exec-8] DEBUG c.q.p.m.S.selectPageByConditions - ==>  Preparing: SELECT * FROM system_message ORDER BY is_top DESC, id DESC LIMIT ?
2025-08-29 17:59:04.704 [http-nio-8080-exec-8] DEBUG c.q.p.m.S.selectPageByConditions - ==> Parameters: 10(Integer)
2025-08-29 17:59:04.705 [http-nio-8080-exec-8] DEBUG c.q.p.m.S.selectPageByConditions - <==      Total: 1
2025-08-29 17:59:12.679 [http-nio-8080-exec-9] DEBUG c.q.p.interceptor.JwtInterceptor - JWT拦截器拦截API请求: /api/banners/search
2025-08-29 17:59:12.681 [http-nio-8080-exec-9] DEBUG c.q.p.interceptor.JwtInterceptor - API请求token验证成功，用户: admin, ID: 1, 路径: /api/banners/search
2025-08-29 17:59:12.686 [http-nio-8080-exec-9] DEBUG c.q.p.m.B.selectPageByConditions_COUNT - ==>  Preparing: SELECT count(0) FROM banners
2025-08-29 17:59:12.686 [http-nio-8080-exec-9] DEBUG c.q.p.m.B.selectPageByConditions_COUNT - ==> Parameters: 
2025-08-29 17:59:12.687 [http-nio-8080-exec-9] DEBUG c.q.p.m.B.selectPageByConditions_COUNT - <==      Total: 1
2025-08-29 17:59:12.688 [http-nio-8080-exec-9] DEBUG c.q.p.m.B.selectPageByConditions - ==>  Preparing: SELECT id, title, image_url, link_url, sort_order, create_time, update_time FROM banners ORDER BY sort_order DESC, create_time DESC LIMIT ?
2025-08-29 17:59:12.688 [http-nio-8080-exec-9] DEBUG c.q.p.m.B.selectPageByConditions - ==> Parameters: 10(Integer)
2025-08-29 17:59:12.688 [http-nio-8080-exec-9] DEBUG c.q.p.m.B.selectPageByConditions - <==      Total: 1
2025-08-29 17:59:13.268 [http-nio-8080-exec-10] DEBUG c.q.p.interceptor.JwtInterceptor - JWT拦截器拦截API请求: /api/system-messages/search
2025-08-29 17:59:13.269 [http-nio-8080-exec-10] DEBUG c.q.p.interceptor.JwtInterceptor - API请求token验证成功，用户: admin, ID: 1, 路径: /api/system-messages/search
2025-08-29 17:59:13.271 [http-nio-8080-exec-10] DEBUG c.q.p.m.S.selectPageByConditions_COUNT - ==>  Preparing: SELECT count(0) FROM system_message
2025-08-29 17:59:13.272 [http-nio-8080-exec-10] DEBUG c.q.p.m.S.selectPageByConditions_COUNT - ==> Parameters: 
2025-08-29 17:59:13.274 [http-nio-8080-exec-10] DEBUG c.q.p.m.S.selectPageByConditions_COUNT - <==      Total: 1
2025-08-29 17:59:13.275 [http-nio-8080-exec-10] DEBUG c.q.p.m.S.selectPageByConditions - ==>  Preparing: SELECT * FROM system_message ORDER BY is_top DESC, id DESC LIMIT ?
2025-08-29 17:59:13.275 [http-nio-8080-exec-10] DEBUG c.q.p.m.S.selectPageByConditions - ==> Parameters: 10(Integer)
2025-08-29 17:59:13.276 [http-nio-8080-exec-10] DEBUG c.q.p.m.S.selectPageByConditions - <==      Total: 1
2025-08-29 17:59:15.932 [http-nio-8080-exec-2] DEBUG c.q.p.interceptor.JwtInterceptor - JWT拦截器拦截API请求: /api/banners/search
2025-08-29 17:59:15.933 [http-nio-8080-exec-2] DEBUG c.q.p.interceptor.JwtInterceptor - API请求token验证成功，用户: admin, ID: 1, 路径: /api/banners/search
2025-08-29 17:59:15.937 [http-nio-8080-exec-2] DEBUG c.q.p.m.B.selectPageByConditions_COUNT - ==>  Preparing: SELECT count(0) FROM banners
2025-08-29 17:59:15.937 [http-nio-8080-exec-2] DEBUG c.q.p.m.B.selectPageByConditions_COUNT - ==> Parameters: 
2025-08-29 17:59:15.938 [http-nio-8080-exec-2] DEBUG c.q.p.m.B.selectPageByConditions_COUNT - <==      Total: 1
2025-08-29 17:59:15.939 [http-nio-8080-exec-2] DEBUG c.q.p.m.B.selectPageByConditions - ==>  Preparing: SELECT id, title, image_url, link_url, sort_order, create_time, update_time FROM banners ORDER BY sort_order DESC, create_time DESC LIMIT ?
2025-08-29 17:59:15.939 [http-nio-8080-exec-2] DEBUG c.q.p.m.B.selectPageByConditions - ==> Parameters: 10(Integer)
2025-08-29 17:59:15.939 [http-nio-8080-exec-2] DEBUG c.q.p.m.B.selectPageByConditions - <==      Total: 1
2025-08-29 17:59:16.509 [http-nio-8080-exec-7] DEBUG c.q.p.interceptor.JwtInterceptor - JWT拦截器拦截API请求: /api/system-messages/search
2025-08-29 17:59:16.510 [http-nio-8080-exec-7] DEBUG c.q.p.interceptor.JwtInterceptor - API请求token验证成功，用户: admin, ID: 1, 路径: /api/system-messages/search
2025-08-29 17:59:16.512 [http-nio-8080-exec-7] DEBUG c.q.p.m.S.selectPageByConditions_COUNT - ==>  Preparing: SELECT count(0) FROM system_message
2025-08-29 17:59:16.512 [http-nio-8080-exec-7] DEBUG c.q.p.m.S.selectPageByConditions_COUNT - ==> Parameters: 
2025-08-29 17:59:16.513 [http-nio-8080-exec-7] DEBUG c.q.p.m.S.selectPageByConditions_COUNT - <==      Total: 1
2025-08-29 17:59:16.513 [http-nio-8080-exec-7] DEBUG c.q.p.m.S.selectPageByConditions - ==>  Preparing: SELECT * FROM system_message ORDER BY is_top DESC, id DESC LIMIT ?
2025-08-29 17:59:16.513 [http-nio-8080-exec-7] DEBUG c.q.p.m.S.selectPageByConditions - ==> Parameters: 10(Integer)
2025-08-29 17:59:16.514 [http-nio-8080-exec-7] DEBUG c.q.p.m.S.selectPageByConditions - <==      Total: 1
2025-08-29 17:59:18.297 [http-nio-8080-exec-4] DEBUG c.q.p.interceptor.JwtInterceptor - JWT拦截器拦截API请求: /api/banners/search
2025-08-29 17:59:18.299 [http-nio-8080-exec-4] DEBUG c.q.p.interceptor.JwtInterceptor - API请求token验证成功，用户: admin, ID: 1, 路径: /api/banners/search
2025-08-29 17:59:18.303 [http-nio-8080-exec-4] DEBUG c.q.p.m.B.selectPageByConditions_COUNT - ==>  Preparing: SELECT count(0) FROM banners
2025-08-29 17:59:18.303 [http-nio-8080-exec-4] DEBUG c.q.p.m.B.selectPageByConditions_COUNT - ==> Parameters: 
2025-08-29 17:59:18.304 [http-nio-8080-exec-4] DEBUG c.q.p.m.B.selectPageByConditions_COUNT - <==      Total: 1
2025-08-29 17:59:18.305 [http-nio-8080-exec-4] DEBUG c.q.p.m.B.selectPageByConditions - ==>  Preparing: SELECT id, title, image_url, link_url, sort_order, create_time, update_time FROM banners ORDER BY sort_order DESC, create_time DESC LIMIT ?
2025-08-29 17:59:18.305 [http-nio-8080-exec-4] DEBUG c.q.p.m.B.selectPageByConditions - ==> Parameters: 10(Integer)
2025-08-29 17:59:18.305 [http-nio-8080-exec-4] DEBUG c.q.p.m.B.selectPageByConditions - <==      Total: 1
2025-08-29 17:59:18.855 [http-nio-8080-exec-5] DEBUG c.q.p.interceptor.JwtInterceptor - JWT拦截器拦截API请求: /api/system-messages/search
2025-08-29 17:59:18.856 [http-nio-8080-exec-5] DEBUG c.q.p.interceptor.JwtInterceptor - API请求token验证成功，用户: admin, ID: 1, 路径: /api/system-messages/search
2025-08-29 17:59:18.858 [http-nio-8080-exec-5] DEBUG c.q.p.m.S.selectPageByConditions_COUNT - ==>  Preparing: SELECT count(0) FROM system_message
2025-08-29 17:59:18.858 [http-nio-8080-exec-5] DEBUG c.q.p.m.S.selectPageByConditions_COUNT - ==> Parameters: 
2025-08-29 17:59:18.859 [http-nio-8080-exec-5] DEBUG c.q.p.m.S.selectPageByConditions_COUNT - <==      Total: 1
2025-08-29 17:59:18.860 [http-nio-8080-exec-5] DEBUG c.q.p.m.S.selectPageByConditions - ==>  Preparing: SELECT * FROM system_message ORDER BY is_top DESC, id DESC LIMIT ?
2025-08-29 17:59:18.860 [http-nio-8080-exec-5] DEBUG c.q.p.m.S.selectPageByConditions - ==> Parameters: 10(Integer)
2025-08-29 17:59:18.860 [http-nio-8080-exec-5] DEBUG c.q.p.m.S.selectPageByConditions - <==      Total: 1
2025-08-29 17:59:19.431 [http-nio-8080-exec-3] DEBUG c.q.p.interceptor.JwtInterceptor - JWT拦截器拦截API请求: /api/banners/search
2025-08-29 17:59:19.432 [http-nio-8080-exec-3] DEBUG c.q.p.interceptor.JwtInterceptor - API请求token验证成功，用户: admin, ID: 1, 路径: /api/banners/search
2025-08-29 17:59:19.436 [http-nio-8080-exec-3] DEBUG c.q.p.m.B.selectPageByConditions_COUNT - ==>  Preparing: SELECT count(0) FROM banners
2025-08-29 17:59:19.437 [http-nio-8080-exec-3] DEBUG c.q.p.m.B.selectPageByConditions_COUNT - ==> Parameters: 
2025-08-29 17:59:19.438 [http-nio-8080-exec-3] DEBUG c.q.p.m.B.selectPageByConditions_COUNT - <==      Total: 1
2025-08-29 17:59:19.438 [http-nio-8080-exec-3] DEBUG c.q.p.m.B.selectPageByConditions - ==>  Preparing: SELECT id, title, image_url, link_url, sort_order, create_time, update_time FROM banners ORDER BY sort_order DESC, create_time DESC LIMIT ?
2025-08-29 17:59:19.438 [http-nio-8080-exec-3] DEBUG c.q.p.m.B.selectPageByConditions - ==> Parameters: 10(Integer)
2025-08-29 17:59:19.439 [http-nio-8080-exec-3] DEBUG c.q.p.m.B.selectPageByConditions - <==      Total: 1
2025-08-29 17:59:19.941 [http-nio-8080-exec-1] DEBUG c.q.p.interceptor.JwtInterceptor - JWT拦截器拦截API请求: /api/system-messages/search
2025-08-29 17:59:19.942 [http-nio-8080-exec-1] DEBUG c.q.p.interceptor.JwtInterceptor - API请求token验证成功，用户: admin, ID: 1, 路径: /api/system-messages/search
2025-08-29 17:59:19.944 [http-nio-8080-exec-1] DEBUG c.q.p.m.S.selectPageByConditions_COUNT - ==>  Preparing: SELECT count(0) FROM system_message
2025-08-29 17:59:19.944 [http-nio-8080-exec-1] DEBUG c.q.p.m.S.selectPageByConditions_COUNT - ==> Parameters: 
2025-08-29 17:59:19.945 [http-nio-8080-exec-1] DEBUG c.q.p.m.S.selectPageByConditions_COUNT - <==      Total: 1
2025-08-29 17:59:19.945 [http-nio-8080-exec-1] DEBUG c.q.p.m.S.selectPageByConditions - ==>  Preparing: SELECT * FROM system_message ORDER BY is_top DESC, id DESC LIMIT ?
2025-08-29 17:59:19.946 [http-nio-8080-exec-1] DEBUG c.q.p.m.S.selectPageByConditions - ==> Parameters: 10(Integer)
2025-08-29 17:59:19.946 [http-nio-8080-exec-1] DEBUG c.q.p.m.S.selectPageByConditions - <==      Total: 1
2025-08-29 17:59:20.345 [http-nio-8080-exec-6] DEBUG c.q.p.interceptor.JwtInterceptor - JWT拦截器拦截API请求: /api/banners/search
2025-08-29 17:59:20.346 [http-nio-8080-exec-6] DEBUG c.q.p.interceptor.JwtInterceptor - API请求token验证成功，用户: admin, ID: 1, 路径: /api/banners/search
2025-08-29 17:59:20.350 [http-nio-8080-exec-6] DEBUG c.q.p.m.B.selectPageByConditions_COUNT - ==>  Preparing: SELECT count(0) FROM banners
2025-08-29 17:59:20.350 [http-nio-8080-exec-6] DEBUG c.q.p.m.B.selectPageByConditions_COUNT - ==> Parameters: 
2025-08-29 17:59:20.352 [http-nio-8080-exec-6] DEBUG c.q.p.m.B.selectPageByConditions_COUNT - <==      Total: 1
2025-08-29 17:59:20.352 [http-nio-8080-exec-6] DEBUG c.q.p.m.B.selectPageByConditions - ==>  Preparing: SELECT id, title, image_url, link_url, sort_order, create_time, update_time FROM banners ORDER BY sort_order DESC, create_time DESC LIMIT ?
2025-08-29 17:59:20.353 [http-nio-8080-exec-6] DEBUG c.q.p.m.B.selectPageByConditions - ==> Parameters: 10(Integer)
2025-08-29 17:59:20.353 [http-nio-8080-exec-6] DEBUG c.q.p.m.B.selectPageByConditions - <==      Total: 1
2025-08-29 17:59:20.851 [http-nio-8080-exec-8] DEBUG c.q.p.interceptor.JwtInterceptor - JWT拦截器拦截API请求: /api/system-messages/search
2025-08-29 17:59:20.852 [http-nio-8080-exec-8] DEBUG c.q.p.interceptor.JwtInterceptor - API请求token验证成功，用户: admin, ID: 1, 路径: /api/system-messages/search
2025-08-29 17:59:20.855 [http-nio-8080-exec-8] DEBUG c.q.p.m.S.selectPageByConditions_COUNT - ==>  Preparing: SELECT count(0) FROM system_message
2025-08-29 17:59:20.855 [http-nio-8080-exec-8] DEBUG c.q.p.m.S.selectPageByConditions_COUNT - ==> Parameters: 
2025-08-29 17:59:20.856 [http-nio-8080-exec-8] DEBUG c.q.p.m.S.selectPageByConditions_COUNT - <==      Total: 1
2025-08-29 17:59:20.857 [http-nio-8080-exec-8] DEBUG c.q.p.m.S.selectPageByConditions - ==>  Preparing: SELECT * FROM system_message ORDER BY is_top DESC, id DESC LIMIT ?
2025-08-29 17:59:20.857 [http-nio-8080-exec-8] DEBUG c.q.p.m.S.selectPageByConditions - ==> Parameters: 10(Integer)
2025-08-29 17:59:20.857 [http-nio-8080-exec-8] DEBUG c.q.p.m.S.selectPageByConditions - <==      Total: 1
2025-08-29 17:59:21.282 [http-nio-8080-exec-9] DEBUG c.q.p.interceptor.JwtInterceptor - JWT拦截器拦截API请求: /api/banners/search
2025-08-29 17:59:21.283 [http-nio-8080-exec-9] DEBUG c.q.p.interceptor.JwtInterceptor - API请求token验证成功，用户: admin, ID: 1, 路径: /api/banners/search
2025-08-29 17:59:21.287 [http-nio-8080-exec-9] DEBUG c.q.p.m.B.selectPageByConditions_COUNT - ==>  Preparing: SELECT count(0) FROM banners
2025-08-29 17:59:21.287 [http-nio-8080-exec-9] DEBUG c.q.p.m.B.selectPageByConditions_COUNT - ==> Parameters: 
2025-08-29 17:59:21.288 [http-nio-8080-exec-9] DEBUG c.q.p.m.B.selectPageByConditions_COUNT - <==      Total: 1
2025-08-29 17:59:21.288 [http-nio-8080-exec-9] DEBUG c.q.p.m.B.selectPageByConditions - ==>  Preparing: SELECT id, title, image_url, link_url, sort_order, create_time, update_time FROM banners ORDER BY sort_order DESC, create_time DESC LIMIT ?
2025-08-29 17:59:21.288 [http-nio-8080-exec-9] DEBUG c.q.p.m.B.selectPageByConditions - ==> Parameters: 10(Integer)
2025-08-29 17:59:21.289 [http-nio-8080-exec-9] DEBUG c.q.p.m.B.selectPageByConditions - <==      Total: 1
2025-08-29 17:59:21.468 [http-nio-8080-exec-10] DEBUG c.q.p.interceptor.JwtInterceptor - JWT拦截器拦截API请求: /api/system-messages/search
2025-08-29 17:59:21.469 [http-nio-8080-exec-10] DEBUG c.q.p.interceptor.JwtInterceptor - API请求token验证成功，用户: admin, ID: 1, 路径: /api/system-messages/search
2025-08-29 17:59:21.471 [http-nio-8080-exec-10] DEBUG c.q.p.m.S.selectPageByConditions_COUNT - ==>  Preparing: SELECT count(0) FROM system_message
2025-08-29 17:59:21.471 [http-nio-8080-exec-10] DEBUG c.q.p.m.S.selectPageByConditions_COUNT - ==> Parameters: 
2025-08-29 17:59:21.472 [http-nio-8080-exec-10] DEBUG c.q.p.m.S.selectPageByConditions_COUNT - <==      Total: 1
2025-08-29 17:59:21.472 [http-nio-8080-exec-10] DEBUG c.q.p.m.S.selectPageByConditions - ==>  Preparing: SELECT * FROM system_message ORDER BY is_top DESC, id DESC LIMIT ?
2025-08-29 17:59:21.473 [http-nio-8080-exec-10] DEBUG c.q.p.m.S.selectPageByConditions - ==> Parameters: 10(Integer)
2025-08-29 17:59:21.473 [http-nio-8080-exec-10] DEBUG c.q.p.m.S.selectPageByConditions - <==      Total: 1
2025-08-29 17:59:21.611 [http-nio-8080-exec-2] DEBUG c.q.p.interceptor.JwtInterceptor - JWT拦截器拦截API请求: /api/banners/search
2025-08-29 17:59:21.612 [http-nio-8080-exec-2] DEBUG c.q.p.interceptor.JwtInterceptor - API请求token验证成功，用户: admin, ID: 1, 路径: /api/banners/search
2025-08-29 17:59:21.615 [http-nio-8080-exec-2] DEBUG c.q.p.m.B.selectPageByConditions_COUNT - ==>  Preparing: SELECT count(0) FROM banners
2025-08-29 17:59:21.616 [http-nio-8080-exec-2] DEBUG c.q.p.m.B.selectPageByConditions_COUNT - ==> Parameters: 
2025-08-29 17:59:21.617 [http-nio-8080-exec-2] DEBUG c.q.p.m.B.selectPageByConditions_COUNT - <==      Total: 1
2025-08-29 17:59:21.617 [http-nio-8080-exec-2] DEBUG c.q.p.m.B.selectPageByConditions - ==>  Preparing: SELECT id, title, image_url, link_url, sort_order, create_time, update_time FROM banners ORDER BY sort_order DESC, create_time DESC LIMIT ?
2025-08-29 17:59:21.617 [http-nio-8080-exec-2] DEBUG c.q.p.m.B.selectPageByConditions - ==> Parameters: 10(Integer)
2025-08-29 17:59:21.618 [http-nio-8080-exec-2] DEBUG c.q.p.m.B.selectPageByConditions - <==      Total: 1
2025-08-29 17:59:21.676 [http-nio-8080-exec-7] WARN  c.q.p.e.GlobalExceptionHandler - 请求的资源不存在: favicon.ico
2025-08-29 17:59:21.845 [http-nio-8080-exec-4] WARN  c.q.p.e.GlobalExceptionHandler - 请求的资源不存在: favicon.ico
2025-08-29 17:59:22.113 [http-nio-8080-exec-5] WARN  c.q.p.e.GlobalExceptionHandler - 请求的资源不存在: favicon.ico
2025-08-29 17:59:24.353 [http-nio-8080-exec-3] WARN  c.q.p.e.GlobalExceptionHandler - 请求的资源不存在: common/plugins/axios/axios.min.js.map
2025-08-29 17:59:25.223 [http-nio-8080-exec-6] WARN  c.q.p.e.GlobalExceptionHandler - 请求的资源不存在: common/plugins/axios/axios.min.js.map
2025-08-29 17:59:25.376 [http-nio-8080-exec-8] WARN  c.q.p.e.GlobalExceptionHandler - 请求的资源不存在: favicon.ico
2025-08-29 17:59:30.045 [http-nio-8080-exec-10] WARN  c.q.p.e.GlobalExceptionHandler - 请求的资源不存在: common/plugins/axios/axios.min.js.map
2025-08-29 17:59:30.158 [http-nio-8080-exec-2] DEBUG c.q.p.interceptor.JwtInterceptor - JWT拦截器拦截API请求: /api/banners/search
2025-08-29 17:59:30.158 [http-nio-8080-exec-2] WARN  c.q.p.interceptor.JwtInterceptor - API请求未携带token: /api/banners/search
2025-08-29 17:59:30.158 [http-nio-8080-exec-7] DEBUG c.q.p.interceptor.JwtInterceptor - JWT拦截器拦截API请求: /api/system-messages/search
2025-08-29 17:59:30.158 [http-nio-8080-exec-7] WARN  c.q.p.interceptor.JwtInterceptor - API请求未携带token: /api/system-messages/search
2025-08-29 17:59:30.179 [http-nio-8080-exec-5] WARN  c.q.p.e.GlobalExceptionHandler - 请求的资源不存在: common/images/item2.jpg
2025-08-29 17:59:30.179 [http-nio-8080-exec-4] WARN  c.q.p.e.GlobalExceptionHandler - 请求的资源不存在: common/images/item1.jpg
2025-08-29 17:59:30.208 [http-nio-8080-exec-3] WARN  c.q.p.e.GlobalExceptionHandler - 请求的资源不存在: favicon.ico
2025-08-29 17:59:31.428 [http-nio-8080-exec-6] WARN  c.q.p.e.GlobalExceptionHandler - 请求的资源不存在: common/plugins/axios/axios.min.js.map
2025-08-29 17:59:31.503 [http-nio-8080-exec-8] DEBUG c.q.p.interceptor.JwtInterceptor - JWT拦截器拦截API请求: /api/banners/search
2025-08-29 17:59:31.503 [http-nio-8080-exec-8] WARN  c.q.p.interceptor.JwtInterceptor - API请求未携带token: /api/banners/search
2025-08-29 17:59:31.504 [http-nio-8080-exec-9] DEBUG c.q.p.interceptor.JwtInterceptor - JWT拦截器拦截API请求: /api/system-messages/search
2025-08-29 17:59:31.505 [http-nio-8080-exec-9] WARN  c.q.p.interceptor.JwtInterceptor - API请求未携带token: /api/system-messages/search
2025-08-29 17:59:31.523 [http-nio-8080-exec-7] WARN  c.q.p.e.GlobalExceptionHandler - 请求的资源不存在: common/images/item2.jpg
2025-08-29 17:59:31.523 [http-nio-8080-exec-10] WARN  c.q.p.e.GlobalExceptionHandler - 请求的资源不存在: common/images/item1.jpg
2025-08-29 17:59:31.567 [http-nio-8080-exec-2] WARN  c.q.p.e.GlobalExceptionHandler - 请求的资源不存在: favicon.ico
2025-08-29 17:59:35.115 [http-nio-8080-exec-4] WARN  c.q.p.e.GlobalExceptionHandler - 请求的资源不存在: common/plugins/axios/axios.min.js.map
2025-08-29 17:59:35.190 [http-nio-8080-exec-3] DEBUG c.q.p.interceptor.JwtInterceptor - JWT拦截器拦截API请求: /api/banners/search
2025-08-29 17:59:35.190 [http-nio-8080-exec-1] DEBUG c.q.p.interceptor.JwtInterceptor - JWT拦截器拦截API请求: /api/system-messages/search
2025-08-29 17:59:35.190 [http-nio-8080-exec-1] WARN  c.q.p.interceptor.JwtInterceptor - API请求未携带token: /api/system-messages/search
2025-08-29 17:59:35.190 [http-nio-8080-exec-3] WARN  c.q.p.interceptor.JwtInterceptor - API请求未携带token: /api/banners/search
2025-08-29 17:59:35.210 [http-nio-8080-exec-6] WARN  c.q.p.e.GlobalExceptionHandler - 请求的资源不存在: common/images/item1.jpg
2025-08-29 17:59:35.210 [http-nio-8080-exec-8] WARN  c.q.p.e.GlobalExceptionHandler - 请求的资源不存在: common/images/item2.jpg
2025-08-29 17:59:35.236 [http-nio-8080-exec-9] WARN  c.q.p.e.GlobalExceptionHandler - 请求的资源不存在: favicon.ico
